<?xml version="1.0" encoding="UTF-8"?>
<!-- Generated by org.testng.reporters.JUnitReportReporter -->
<testsuite skipped="0" hostname="DESKTOP-N92BO96" name="testcase.TestFlowOne" tests="5" failures="0" timestamp="05 九月 2018 07:00:08 GMT" time="19.552" errors="0">
  <testcase name="testSelectContacts" time="2.295" classname="testcase.TestFlowOne"/>
  <testcase name="testTicketPay" time="2.192" classname="testcase.TestFlowOne"/>
  <testcase name="testLogin" time="4.040" classname="testcase.TestFlowOne"/>
  <testcase name="testTicketConfirm" time="7.483" classname="testcase.TestFlowOne"/>
  <testcase name="testBooking" time="3.542" classname="testcase.TestFlowOne"/>
</testsuite> <!-- testcase.TestFlowOne -->
