<?xml version="1.0" encoding="UTF-8"?>
<!-- Generated by org.testng.reporters.JUnitReportReporter -->
<testsuite skipped="0" hostname="DESKTOP-N92BO96" name="testcase.TestBookErrorConfig" tests="2" failures="0" timestamp="05 九月 2018 06:47:35 GMT" time="2.423" errors="0">
  <testcase name="testLogin" time="1.618" classname="testcase.TestBookErrorConfig"/>
  <testcase name="testBooking" time="0.805" classname="testcase.TestBookErrorConfig"/>
</testsuite> <!-- testcase.TestBookErrorConfig -->
